<?xml version="1.0" encoding="UTF-8"?>
<testsuite xmlns:xsi="http://www.w3.org/2001/XMLSchema-instance" xsi:noNamespaceSchemaLocation="https://maven.apache.org/surefire/maven-surefire-plugin/xsd/surefire-test-report-3.0.xsd" version="3.0" name="com.example.chatting.app.ChattingAppApplicationTests" time="8.985" tests="1" errors="0" skipped="0" failures="0">
  <properties>
[...]
</properties>
  <testcase name="contextLoads" classname="com.example.chatting.app.ChattingAppApplicationTests" time="0.402">
    <system-out><![CDATA[23:37:37.770 [main] INFO org.springframework.test.context.support.AnnotationConfigContextLoaderUtils -- Could not detect default configuration classes for test class [com.example.chatting.app.ChattingAppApplicationTests]: ChattingAppApplicationTests does not declare any static, non-private, non-final, nested classes annotated with @Configuration.
23:37:37.948 [main] INFO org.springframework.boot.test.context.SpringBootTestContextBootstrapper -- Found @SpringBootConfiguration com.example.chatting.app.ChattingAppApplication for test class com.example.chatting.app.ChattingAppApplicationTests

  .   ____          _            __ _ _
 /\\ / ___'_ __ _ _(_)_ __  __ _ \ \ \ \
( ( )\___ | '_ | '_| | '_ \/ _` | \ \ \ \
 \\/  ___)| |_)| | | | | || (_| |  ) ) ) )
  '  |____| .__|_| |_|_| |_\__, | / / / /
 =========|_|==============|___/=/_/_/_/
 :: Spring Boot ::                (v3.2.0)

2024-01-09T23:37:38.431+07:00  INFO 19356 --- [           main] c.e.c.app.ChattingAppApplicationTests    : Starting ChattingAppApplicationTests using Java 20.0.2 with PID 19356 (started by bengngyn in D:\Chatting app\BE\Back-End-Chatting-app\chatting-app)
2024-01-09T23:37:38.433+07:00  INFO 19356 --- [           main] c.e.c.app.ChattingAppApplicationTests    : No active profile set, falling back to 1 default profile: "default"
2024-01-09T23:37:39.373+07:00  INFO 19356 --- [           main] .s.d.r.c.RepositoryConfigurationDelegate : Bootstrapping Spring Data JPA repositories in DEFAULT mode.
2024-01-09T23:37:39.436+07:00  INFO 19356 --- [           main] .s.d.r.c.RepositoryConfigurationDelegate : Finished Spring Data repository scanning in 56 ms. Found 5 JPA repository interfaces.
2024-01-09T23:37:40.042+07:00  INFO 19356 --- [           main] o.hibernate.jpa.internal.util.LogHelper  : HHH000204: Processing PersistenceUnitInfo [name: default]
2024-01-09T23:37:40.137+07:00  INFO 19356 --- [           main] org.hibernate.Version                    : HHH000412: Hibernate ORM core version 6.3.1.Final
2024-01-09T23:37:40.200+07:00  INFO 19356 --- [           main] o.h.c.internal.RegionFactoryInitiator    : HHH000026: Second-level cache disabled
2024-01-09T23:37:40.452+07:00  INFO 19356 --- [           main] o.s.o.j.p.SpringPersistenceUnitInfo      : No LoadTimeWeaver setup: ignoring JPA class transformer
2024-01-09T23:37:40.474+07:00  INFO 19356 --- [           main] com.zaxxer.hikari.HikariDataSource       : HikariPool-1 - Starting...
2024-01-09T23:37:40.652+07:00  INFO 19356 --- [           main] com.zaxxer.hikari.pool.HikariPool        : HikariPool-1 - Added connection org.postgresql.jdbc.PgConnection@fd4459b
2024-01-09T23:37:40.655+07:00  INFO 19356 --- [           main] com.zaxxer.hikari.HikariDataSource       : HikariPool-1 - Start completed.
2024-01-09T23:37:40.693+07:00  WARN 19356 --- [           main] org.hibernate.orm.deprecation            : HHH90000025: PostgreSQLDialect does not need to be specified explicitly using 'hibernate.dialect' (remove the property setting and it will be selected by default)
2024-01-09T23:37:41.621+07:00  INFO 19356 --- [           main] o.h.e.t.j.p.i.JtaPlatformInitiator       : HHH000489: No JTA platform available (set 'hibernate.transaction.jta.platform' to enable JTA platform integration)
2024-01-09T23:37:41.634+07:00  WARN 19356 --- [           main] o.h.engine.jdbc.spi.SqlExceptionHelper   : SQL Warning Code: 0, SQLState: 00000
2024-01-09T23:37:41.635+07:00  WARN 19356 --- [           main] o.h.engine.jdbc.spi.SqlExceptionHelper   : relation "boxchatmember" does not exist, skipping
2024-01-09T23:37:41.635+07:00  WARN 19356 --- [           main] o.h.engine.jdbc.spi.SqlExceptionHelper   : SQL Warning Code: 0, SQLState: 00000
2024-01-09T23:37:41.635+07:00  WARN 19356 --- [           main] o.h.engine.jdbc.spi.SqlExceptionHelper   : relation "boxchatmember" does not exist, skipping
2024-01-09T23:37:41.636+07:00  WARN 19356 --- [           main] o.h.engine.jdbc.spi.SqlExceptionHelper   : SQL Warning Code: 0, SQLState: 00000
2024-01-09T23:37:41.636+07:00  WARN 19356 --- [           main] o.h.engine.jdbc.spi.SqlExceptionHelper   : relation "message" does not exist, skipping
2024-01-09T23:37:41.637+07:00  WARN 19356 --- [           main] o.h.engine.jdbc.spi.SqlExceptionHelper   : SQL Warning Code: 0, SQLState: 00000
2024-01-09T23:37:41.637+07:00  WARN 19356 --- [           main] o.h.engine.jdbc.spi.SqlExceptionHelper   : relation "token" does not exist, skipping
2024-01-09T23:37:41.637+07:00  WARN 19356 --- [           main] o.h.engine.jdbc.spi.SqlExceptionHelper   : SQL Warning Code: 0, SQLState: 00000
2024-01-09T23:37:41.637+07:00  WARN 19356 --- [           main] o.h.engine.jdbc.spi.SqlExceptionHelper   : relation "users" does not exist, skipping
2024-01-09T23:37:41.638+07:00  WARN 19356 --- [           main] o.h.engine.jdbc.spi.SqlExceptionHelper   : SQL Warning Code: 0, SQLState: 00000
2024-01-09T23:37:41.638+07:00  WARN 19356 --- [           main] o.h.engine.jdbc.spi.SqlExceptionHelper   : table "boxchat" does not exist, skipping
2024-01-09T23:37:41.638+07:00  WARN 19356 --- [           main] o.h.engine.jdbc.spi.SqlExceptionHelper   : SQL Warning Code: 0, SQLState: 00000
2024-01-09T23:37:41.638+07:00  WARN 19356 --- [           main] o.h.engine.jdbc.spi.SqlExceptionHelper   : table "boxchatmember" does not exist, skipping
2024-01-09T23:37:41.639+07:00  WARN 19356 --- [           main] o.h.engine.jdbc.spi.SqlExceptionHelper   : SQL Warning Code: 0, SQLState: 00000
2024-01-09T23:37:41.639+07:00  WARN 19356 --- [           main] o.h.engine.jdbc.spi.SqlExceptionHelper   : table "images" does not exist, skipping
2024-01-09T23:37:41.639+07:00  WARN 19356 --- [           main] o.h.engine.jdbc.spi.SqlExceptionHelper   : SQL Warning Code: 0, SQLState: 00000
2024-01-09T23:37:41.639+07:00  WARN 19356 --- [           main] o.h.engine.jdbc.spi.SqlExceptionHelper   : table "message" does not exist, skipping
2024-01-09T23:37:41.640+07:00  WARN 19356 --- [           main] o.h.engine.jdbc.spi.SqlExceptionHelper   : SQL Warning Code: 0, SQLState: 00000
2024-01-09T23:37:41.640+07:00  WARN 19356 --- [           main] o.h.engine.jdbc.spi.SqlExceptionHelper   : table "token" does not exist, skipping
2024-01-09T23:37:41.640+07:00  WARN 19356 --- [           main] o.h.engine.jdbc.spi.SqlExceptionHelper   : SQL Warning Code: 0, SQLState: 00000
2024-01-09T23:37:41.640+07:00  WARN 19356 --- [           main] o.h.engine.jdbc.spi.SqlExceptionHelper   : table "users" does not exist, skipping
2024-01-09T23:37:41.641+07:00  WARN 19356 --- [           main] o.h.engine.jdbc.spi.SqlExceptionHelper   : SQL Warning Code: 0, SQLState: 00000
2024-01-09T23:37:41.641+07:00  WARN 19356 --- [           main] o.h.engine.jdbc.spi.SqlExceptionHelper   : sequence "boxchat_seq" does not exist, skipping
2024-01-09T23:37:41.641+07:00  WARN 19356 --- [           main] o.h.engine.jdbc.spi.SqlExceptionHelper   : SQL Warning Code: 0, SQLState: 00000
2024-01-09T23:37:41.641+07:00  WARN 19356 --- [           main] o.h.engine.jdbc.spi.SqlExceptionHelper   : sequence "message_seq" does not exist, skipping
2024-01-09T23:37:41.641+07:00  WARN 19356 --- [           main] o.h.engine.jdbc.spi.SqlExceptionHelper   : SQL Warning Code: 0, SQLState: 00000
2024-01-09T23:37:41.641+07:00  WARN 19356 --- [           main] o.h.engine.jdbc.spi.SqlExceptionHelper   : sequence "token_seq" does not exist, skipping
2024-01-09T23:37:41.642+07:00  WARN 19356 --- [           main] o.h.engine.jdbc.spi.SqlExceptionHelper   : SQL Warning Code: 0, SQLState: 00000
2024-01-09T23:37:41.642+07:00  WARN 19356 --- [           main] o.h.engine.jdbc.spi.SqlExceptionHelper   : sequence "users_seq" does not exist, skipping
2024-01-09T23:37:41.699+07:00  INFO 19356 --- [           main] j.LocalContainerEntityManagerFactoryBean : Initialized JPA EntityManagerFactory for persistence unit 'default'
2024-01-09T23:37:42.045+07:00  INFO 19356 --- [           main] o.s.d.j.r.query.QueryEnhancerFactory     : Hibernate is in classpath; If applicable, HQL parser will be used.
2024-01-09T23:37:42.841+07:00  WARN 19356 --- [           main] JpaBaseConfiguration$JpaWebConfiguration : spring.jpa.open-in-view is enabled by default. Therefore, database queries may be performed during view rendering. Explicitly configure spring.jpa.open-in-view to disable this warning
2024-01-09T23:37:43.181+07:00  INFO 19356 --- [           main] o.s.s.web.DefaultSecurityFilterChain     : Will secure any request with [org.springframework.security.web.session.DisableEncodeUrlFilter@1c1082d9, org.springframework.security.web.context.request.async.WebAsyncManagerIntegrationFilter@48187168, org.springframework.security.web.context.SecurityContextHolderFilter@78c7a736, org.springframework.security.web.header.HeaderWriterFilter@3045fbb4, org.springframework.web.filter.CorsFilter@14726e69, org.springframework.security.web.authentication.logout.LogoutFilter@e4e39a0, com.example.chatting.app.security.JwtAuthenticationFilter@4ed7fb78, org.springframework.security.web.savedrequest.RequestCacheAwareFilter@6fe27001, org.springframework.security.web.servletapi.SecurityContextHolderAwareRequestFilter@3cb303d9, org.springframework.security.web.authentication.AnonymousAuthenticationFilter@f905f3e, org.springframework.security.web.session.SessionManagementFilter@32daea66, org.springframework.security.web.access.ExceptionTranslationFilter@4834e816, org.springframework.security.web.access.intercept.AuthorizationFilter@1278c48f]
2024-01-09T23:37:43.589+07:00  INFO 19356 --- [           main] o.s.m.s.b.SimpleBrokerMessageHandler     : Starting...
2024-01-09T23:37:43.590+07:00  INFO 19356 --- [           main] o.s.m.s.b.SimpleBrokerMessageHandler     : BrokerAvailabilityEvent[available=true, SimpleBrokerMessageHandler [org.springframework.messaging.simp.broker.DefaultSubscriptionRegistry@be1f747]]
2024-01-09T23:37:43.591+07:00  INFO 19356 --- [           main] o.s.m.s.b.SimpleBrokerMessageHandler     : Started.
2024-01-09T23:37:43.596+07:00  INFO 19356 --- [           main] c.e.c.app.ChattingAppApplicationTests    : Started ChattingAppApplicationTests in 5.477 seconds (process running for 6.607)
]]></system-out>
  </testcase>
</testsuite>